# Logfile created on 2020-01-21 18:14:35 +0100 by logger.rb/47272
I, [2020-01-21T18:14:35.215584 #34227]  INFO -- : Running example 'Verifying a pact between Consumer 1 and Provider Given customers exist a request for all customers with GET /customers returns a response which has status code 200'
I, [2020-01-21T18:14:35.215777 #34227]  INFO -- : Sending GET request to path: "/customers" with headers: {"X_PACT_PROVIDER_STATES"=>[{"name"=>"customers exist"}]}, see debug logs for body
D, [2020-01-21T18:14:35.215819 #34227] DEBUG -- : body :
I, [2020-01-21T18:14:35.246099 #34227]  INFO -- : Received response with status: 200, headers: {"X-Powered-By"=>"Express", "Vary"=>"Origin, Accept-Encoding", "Access-Control-Allow-Credentials"=>"true", "Cache-Control"=>"no-cache", "Pragma"=>"no-cache", "Expires"=>"-1", "X-Content-Type-Options"=>"nosniff", "Content-Type"=>"application/json; charset=utf-8", "Content-Length"=>"1414", "Etag"=>"W/\"586-5N05BteRVwk7ZGJi63HUoZfqlsM\"", "Date"=>"Tue, 21 Jan 2020 17:14:35 GMT", "Connection"=>"keep-alive"}, see debug logs for body
D, [2020-01-21T18:14:35.246187 #34227] DEBUG -- : body: [
  {
    "id": 1,
    "name": "Alice",
    "address": "Fakestreet 12",
    "birthday": "1980-01-01",
    "email": "alice@mail.com",
    "status": "married",
    "financialProducts": [
      {
        "id": 4,
        "name": "Share",
        "balance": 4,
        "productCode": "ABC1",
        "interestRate": 1.2
      },
      {
        "id": 5,
        "name": "Bond",
        "balance": 5,
        "productCode": "ABC2",
        "interestRate": 1.3
      }
    ]
  },
  {
    "id": 2,
    "name": "Bob",
    "address": "Fakestreet 13",
    "birthday": "1980-02-02",
    "email": "bob@mail.com",
    "status": "married",
    "financialProducts": [
      {
        "id": 4,
        "name": "Share",
        "balance": 4,
        "productCode": "ABC1",
        "interestRate": 1.2
      },
      {
        "id": 6,
        "name": "ETF",
        "balance": 6,
        "productCode": "ABC3",
        "interestRate": 1.4
      }
    ]
  },
  {
    "id": 3,
    "name": "Charlie",
    "address": "Fakestreet 14",
    "birthday": "1980-03-03",
    "email": "charlie@mail.com",
    "status": "single",
    "financialProducts": [
      {
        "id": 6,
        "name": "ETF",
        "balance": 6,
        "productCode": "ABC3",
        "interestRate": 1.4
      },
      {
        "id": 5,
        "name": "Bond",
        "balance": 5,
        "productCode": "ABC2",
        "interestRate": 1.3
      }
    ]
  }
]
I, [2020-01-21T18:16:24.491637 #34321]  INFO -- : Running example 'Verifying a pact between Consumer 1 and Provider Given customers exist a request for all customers with GET /customers returns a response which has status code 200'
I, [2020-01-21T18:16:24.491853 #34321]  INFO -- : Sending GET request to path: "/customers" with headers: {"X_PACT_PROVIDER_STATES"=>[{"name"=>"customers exist"}]}, see debug logs for body
D, [2020-01-21T18:16:24.491897 #34321] DEBUG -- : body :
I, [2020-01-21T18:16:24.510621 #34321]  INFO -- : Received response with status: 200, headers: {"X-Powered-By"=>"Express", "Vary"=>"Origin, Accept-Encoding", "Access-Control-Allow-Credentials"=>"true", "Cache-Control"=>"no-cache", "Pragma"=>"no-cache", "Expires"=>"-1", "X-Content-Type-Options"=>"nosniff", "Content-Type"=>"application/json; charset=utf-8", "Content-Length"=>"1414", "Etag"=>"W/\"586-5N05BteRVwk7ZGJi63HUoZfqlsM\"", "Date"=>"Tue, 21 Jan 2020 17:16:24 GMT", "Connection"=>"keep-alive"}, see debug logs for body
D, [2020-01-21T18:16:24.510718 #34321] DEBUG -- : body: [
  {
    "id": 1,
    "name": "Alice",
    "address": "Fakestreet 12",
    "birthday": "1980-01-01",
    "email": "alice@mail.com",
    "status": "married",
    "financialProducts": [
      {
        "id": 4,
        "name": "Share",
        "balance": 4,
        "productCode": "ABC1",
        "interestRate": 1.2
      },
      {
        "id": 5,
        "name": "Bond",
        "balance": 5,
        "productCode": "ABC2",
        "interestRate": 1.3
      }
    ]
  },
  {
    "id": 2,
    "name": "Bob",
    "address": "Fakestreet 13",
    "birthday": "1980-02-02",
    "email": "bob@mail.com",
    "status": "married",
    "financialProducts": [
      {
        "id": 4,
        "name": "Share",
        "balance": 4,
        "productCode": "ABC1",
        "interestRate": 1.2
      },
      {
        "id": 6,
        "name": "ETF",
        "balance": 6,
        "productCode": "ABC3",
        "interestRate": 1.4
      }
    ]
  },
  {
    "id": 3,
    "name": "Charlie",
    "address": "Fakestreet 14",
    "birthday": "1980-03-03",
    "email": "charlie@mail.com",
    "status": "single",
    "financialProducts": [
      {
        "id": 6,
        "name": "ETF",
        "balance": 6,
        "productCode": "ABC3",
        "interestRate": 1.4
      },
      {
        "id": 5,
        "name": "Bond",
        "balance": 5,
        "productCode": "ABC2",
        "interestRate": 1.3
      }
    ]
  }
]
I, [2020-01-21T18:19:18.448662 #34378]  INFO -- : Running example 'Verifying a pact between Consumer 1 and Provider Given customers exist a request for all customers with GET /customers returns a response which has status code 200'
I, [2020-01-21T18:19:18.448917 #34378]  INFO -- : Sending GET request to path: "/customers" with headers: {"X_PACT_PROVIDER_STATES"=>[{"name"=>"customers exist"}]}, see debug logs for body
D, [2020-01-21T18:19:18.448998 #34378] DEBUG -- : body :
I, [2020-01-21T18:19:18.466863 #34378]  INFO -- : Received response with status: 200, headers: {"X-Powered-By"=>"Express", "Vary"=>"Origin, Accept-Encoding", "Access-Control-Allow-Credentials"=>"true", "Cache-Control"=>"no-cache", "Pragma"=>"no-cache", "Expires"=>"-1", "X-Content-Type-Options"=>"nosniff", "Content-Type"=>"application/json; charset=utf-8", "Content-Length"=>"1414", "Etag"=>"W/\"586-5N05BteRVwk7ZGJi63HUoZfqlsM\"", "Date"=>"Tue, 21 Jan 2020 17:19:18 GMT", "Connection"=>"keep-alive"}, see debug logs for body
D, [2020-01-21T18:19:18.466952 #34378] DEBUG -- : body: [
  {
    "id": 1,
    "name": "Alice",
    "address": "Fakestreet 12",
    "birthday": "1980-01-01",
    "email": "alice@mail.com",
    "status": "married",
    "financialProducts": [
      {
        "id": 4,
        "name": "Share",
        "balance": 4,
        "productCode": "ABC1",
        "interestRate": 1.2
      },
      {
        "id": 5,
        "name": "Bond",
        "balance": 5,
        "productCode": "ABC2",
        "interestRate": 1.3
      }
    ]
  },
  {
    "id": 2,
    "name": "Bob",
    "address": "Fakestreet 13",
    "birthday": "1980-02-02",
    "email": "bob@mail.com",
    "status": "married",
    "financialProducts": [
      {
        "id": 4,
        "name": "Share",
        "balance": 4,
        "productCode": "ABC1",
        "interestRate": 1.2
      },
      {
        "id": 6,
        "name": "ETF",
        "balance": 6,
        "productCode": "ABC3",
        "interestRate": 1.4
      }
    ]
  },
  {
    "id": 3,
    "name": "Charlie",
    "address": "Fakestreet 14",
    "birthday": "1980-03-03",
    "email": "charlie@mail.com",
    "status": "single",
    "financialProducts": [
      {
        "id": 6,
        "name": "ETF",
        "balance": 6,
        "productCode": "ABC3",
        "interestRate": 1.4
      },
      {
        "id": 5,
        "name": "Bond",
        "balance": 5,
        "productCode": "ABC2",
        "interestRate": 1.3
      }
    ]
  }
]
I, [2020-01-21T18:19:47.745544 #34426]  INFO -- : Running example 'Verifying a pact between Consumer 1 and Provider Given customers exist a request for all customers with GET /customers returns a response which has status code 200'
I, [2020-01-21T18:19:47.745709 #34426]  INFO -- : Sending GET request to path: "/customers" with headers: {"X_PACT_PROVIDER_STATES"=>[{"name"=>"customers exist"}]}, see debug logs for body
D, [2020-01-21T18:19:47.745773 #34426] DEBUG -- : body :
I, [2020-01-21T18:19:47.763128 #34426]  INFO -- : Received response with status: 200, headers: {"X-Powered-By"=>"Express", "Vary"=>"Origin, Accept-Encoding", "Access-Control-Allow-Credentials"=>"true", "Cache-Control"=>"no-cache", "Pragma"=>"no-cache", "Expires"=>"-1", "X-Content-Type-Options"=>"nosniff", "Content-Type"=>"application/json; charset=utf-8", "Content-Length"=>"1414", "Etag"=>"W/\"586-5N05BteRVwk7ZGJi63HUoZfqlsM\"", "Date"=>"Tue, 21 Jan 2020 17:19:47 GMT", "Connection"=>"keep-alive"}, see debug logs for body
D, [2020-01-21T18:19:47.763248 #34426] DEBUG -- : body: [
  {
    "id": 1,
    "name": "Alice",
    "address": "Fakestreet 12",
    "birthday": "1980-01-01",
    "email": "alice@mail.com",
    "status": "married",
    "financialProducts": [
      {
        "id": 4,
        "name": "Share",
        "balance": 4,
        "productCode": "ABC1",
        "interestRate": 1.2
      },
      {
        "id": 5,
        "name": "Bond",
        "balance": 5,
        "productCode": "ABC2",
        "interestRate": 1.3
      }
    ]
  },
  {
    "id": 2,
    "name": "Bob",
    "address": "Fakestreet 13",
    "birthday": "1980-02-02",
    "email": "bob@mail.com",
    "status": "married",
    "financialProducts": [
      {
        "id": 4,
        "name": "Share",
        "balance": 4,
        "productCode": "ABC1",
        "interestRate": 1.2
      },
      {
        "id": 6,
        "name": "ETF",
        "balance": 6,
        "productCode": "ABC3",
        "interestRate": 1.4
      }
    ]
  },
  {
    "id": 3,
    "name": "Charlie",
    "address": "Fakestreet 14",
    "birthday": "1980-03-03",
    "email": "charlie@mail.com",
    "status": "single",
    "financialProducts": [
      {
        "id": 6,
        "name": "ETF",
        "balance": 6,
        "productCode": "ABC3",
        "interestRate": 1.4
      },
      {
        "id": 5,
        "name": "Bond",
        "balance": 5,
        "productCode": "ABC2",
        "interestRate": 1.3
      }
    ]
  }
]
I, [2020-01-21T18:26:47.517661 #34529]  INFO -- : Running example 'Verifying a pact between Consumer 1 and Provider Given customers exist a request for all customers with GET /customers returns a response which has status code 200'
I, [2020-01-21T18:26:47.517829 #34529]  INFO -- : Sending GET request to path: "/customers" with headers: {"X_PACT_PROVIDER_STATES"=>[{"name"=>"customers exist"}]}, see debug logs for body
D, [2020-01-21T18:26:47.517877 #34529] DEBUG -- : body :
I, [2020-01-21T18:26:47.536368 #34529]  INFO -- : Received response with status: 200, headers: {"X-Powered-By"=>"Express", "Vary"=>"Origin, Accept-Encoding", "Access-Control-Allow-Credentials"=>"true", "Cache-Control"=>"no-cache", "Pragma"=>"no-cache", "Expires"=>"-1", "X-Content-Type-Options"=>"nosniff", "Content-Type"=>"application/json; charset=utf-8", "Content-Length"=>"1414", "Etag"=>"W/\"586-5N05BteRVwk7ZGJi63HUoZfqlsM\"", "Date"=>"Tue, 21 Jan 2020 17:26:47 GMT", "Connection"=>"keep-alive"}, see debug logs for body
D, [2020-01-21T18:26:47.536463 #34529] DEBUG -- : body: [
  {
    "id": 1,
    "name": "Alice",
    "address": "Fakestreet 12",
    "birthday": "1980-01-01",
    "email": "alice@mail.com",
    "status": "married",
    "financialProducts": [
      {
        "id": 4,
        "name": "Share",
        "balance": 4,
        "productCode": "ABC1",
        "interestRate": 1.2
      },
      {
        "id": 5,
        "name": "Bond",
        "balance": 5,
        "productCode": "ABC2",
        "interestRate": 1.3
      }
    ]
  },
  {
    "id": 2,
    "name": "Bob",
    "address": "Fakestreet 13",
    "birthday": "1980-02-02",
    "email": "bob@mail.com",
    "status": "married",
    "financialProducts": [
      {
        "id": 4,
        "name": "Share",
        "balance": 4,
        "productCode": "ABC1",
        "interestRate": 1.2
      },
      {
        "id": 6,
        "name": "ETF",
        "balance": 6,
        "productCode": "ABC3",
        "interestRate": 1.4
      }
    ]
  },
  {
    "id": 3,
    "name": "Charlie",
    "address": "Fakestreet 14",
    "birthday": "1980-03-03",
    "email": "charlie@mail.com",
    "status": "single",
    "financialProducts": [
      {
        "id": 6,
        "name": "ETF",
        "balance": 6,
        "productCode": "ABC3",
        "interestRate": 1.4
      },
      {
        "id": 5,
        "name": "Bond",
        "balance": 5,
        "productCode": "ABC2",
        "interestRate": 1.3
      }
    ]
  }
]
I, [2020-01-21T18:51:02.815898 #34811]  INFO -- : Running example 'Verifying a pact between Consumer 1 and Provider Given customers exist a request for all customers with GET /customers returns a response which has status code 200'
I, [2020-01-21T18:51:02.816116 #34811]  INFO -- : Sending GET request to path: "/customers" with headers: {"X_PACT_PROVIDER_STATES"=>[{"name"=>"customers exist"}]}, see debug logs for body
D, [2020-01-21T18:51:02.816148 #34811] DEBUG -- : body :
I, [2020-01-21T18:51:02.839360 #34811]  INFO -- : Received response with status: 200, headers: {"X-Powered-By"=>"Express", "Vary"=>"Origin, Accept-Encoding", "Access-Control-Allow-Credentials"=>"true", "Cache-Control"=>"no-cache", "Pragma"=>"no-cache", "Expires"=>"-1", "X-Content-Type-Options"=>"nosniff", "Content-Type"=>"application/json; charset=utf-8", "Content-Length"=>"1414", "Etag"=>"W/\"586-5N05BteRVwk7ZGJi63HUoZfqlsM\"", "Date"=>"Tue, 21 Jan 2020 17:51:02 GMT", "Connection"=>"keep-alive"}, see debug logs for body
D, [2020-01-21T18:51:02.839440 #34811] DEBUG -- : body: [
  {
    "id": 1,
    "name": "Alice",
    "address": "Fakestreet 12",
    "birthday": "1980-01-01",
    "email": "alice@mail.com",
    "status": "married",
    "financialProducts": [
      {
        "id": 4,
        "name": "Share",
        "balance": 4,
        "productCode": "ABC1",
        "interestRate": 1.2
      },
      {
        "id": 5,
        "name": "Bond",
        "balance": 5,
        "productCode": "ABC2",
        "interestRate": 1.3
      }
    ]
  },
  {
    "id": 2,
    "name": "Bob",
    "address": "Fakestreet 13",
    "birthday": "1980-02-02",
    "email": "bob@mail.com",
    "status": "married",
    "financialProducts": [
      {
        "id": 4,
        "name": "Share",
        "balance": 4,
        "productCode": "ABC1",
        "interestRate": 1.2
      },
      {
        "id": 6,
        "name": "ETF",
        "balance": 6,
        "productCode": "ABC3",
        "interestRate": 1.4
      }
    ]
  },
  {
    "id": 3,
    "name": "Charlie",
    "address": "Fakestreet 14",
    "birthday": "1980-03-03",
    "email": "charlie@mail.com",
    "status": "single",
    "financialProducts": [
      {
        "id": 6,
        "name": "ETF",
        "balance": 6,
        "productCode": "ABC3",
        "interestRate": 1.4
      },
      {
        "id": 5,
        "name": "Bond",
        "balance": 5,
        "productCode": "ABC2",
        "interestRate": 1.3
      }
    ]
  }
]
I, [2020-01-21T18:51:03.614277 #34827]  INFO -- : Running example 'Verifying a pact between Consumer 2 and Provider Given customers exist and have financialProducts with balances a request for all customers and the balances of their financial products with GET /customers returns a response which has status code 200'
I, [2020-01-21T18:51:03.614524 #34827]  INFO -- : Sending GET request to path: "/customers" with headers: {"X_PACT_PROVIDER_STATES"=>[{"name"=>"customers exist and have financialProducts with balances"}]}, see debug logs for body
D, [2020-01-21T18:51:03.614553 #34827] DEBUG -- : body :
I, [2020-01-21T18:51:03.633140 #34827]  INFO -- : Received response with status: 200, headers: {"X-Powered-By"=>"Express", "Vary"=>"Origin, Accept-Encoding", "Access-Control-Allow-Credentials"=>"true", "Cache-Control"=>"no-cache", "Pragma"=>"no-cache", "Expires"=>"-1", "X-Content-Type-Options"=>"nosniff", "Content-Type"=>"application/json; charset=utf-8", "Content-Length"=>"1414", "Etag"=>"W/\"586-5N05BteRVwk7ZGJi63HUoZfqlsM\"", "Date"=>"Tue, 21 Jan 2020 17:51:03 GMT", "Connection"=>"keep-alive"}, see debug logs for body
D, [2020-01-21T18:51:03.633301 #34827] DEBUG -- : body: [
  {
    "id": 1,
    "name": "Alice",
    "address": "Fakestreet 12",
    "birthday": "1980-01-01",
    "email": "alice@mail.com",
    "status": "married",
    "financialProducts": [
      {
        "id": 4,
        "name": "Share",
        "balance": 4,
        "productCode": "ABC1",
        "interestRate": 1.2
      },
      {
        "id": 5,
        "name": "Bond",
        "balance": 5,
        "productCode": "ABC2",
        "interestRate": 1.3
      }
    ]
  },
  {
    "id": 2,
    "name": "Bob",
    "address": "Fakestreet 13",
    "birthday": "1980-02-02",
    "email": "bob@mail.com",
    "status": "married",
    "financialProducts": [
      {
        "id": 4,
        "name": "Share",
        "balance": 4,
        "productCode": "ABC1",
        "interestRate": 1.2
      },
      {
        "id": 6,
        "name": "ETF",
        "balance": 6,
        "productCode": "ABC3",
        "interestRate": 1.4
      }
    ]
  },
  {
    "id": 3,
    "name": "Charlie",
    "address": "Fakestreet 14",
    "birthday": "1980-03-03",
    "email": "charlie@mail.com",
    "status": "single",
    "financialProducts": [
      {
        "id": 6,
        "name": "ETF",
        "balance": 6,
        "productCode": "ABC3",
        "interestRate": 1.4
      },
      {
        "id": 5,
        "name": "Bond",
        "balance": 5,
        "productCode": "ABC2",
        "interestRate": 1.3
      }
    ]
  }
]
I, [2020-01-21T18:51:35.656960 #34871]  INFO -- : Running example 'Verifying a pact between Consumer 1 and Provider Given customers exist a request for all customers with GET /customers returns a response which has status code 200'
I, [2020-01-21T18:51:35.657183 #34871]  INFO -- : Sending GET request to path: "/customers" with headers: {"X_PACT_PROVIDER_STATES"=>[{"name"=>"customers exist"}]}, see debug logs for body
D, [2020-01-21T18:51:35.657228 #34871] DEBUG -- : body :
I, [2020-01-21T18:51:35.674636 #34871]  INFO -- : Received response with status: 200, headers: {"X-Powered-By"=>"Express", "Vary"=>"Origin, Accept-Encoding", "Access-Control-Allow-Credentials"=>"true", "Cache-Control"=>"no-cache", "Pragma"=>"no-cache", "Expires"=>"-1", "X-Content-Type-Options"=>"nosniff", "Content-Type"=>"application/json; charset=utf-8", "Content-Length"=>"1414", "Etag"=>"W/\"586-5N05BteRVwk7ZGJi63HUoZfqlsM\"", "Date"=>"Tue, 21 Jan 2020 17:51:35 GMT", "Connection"=>"keep-alive"}, see debug logs for body
D, [2020-01-21T18:51:35.674763 #34871] DEBUG -- : body: [
  {
    "id": 1,
    "name": "Alice",
    "address": "Fakestreet 12",
    "birthday": "1980-01-01",
    "email": "alice@mail.com",
    "status": "married",
    "financialProducts": [
      {
        "id": 4,
        "name": "Share",
        "balance": 4,
        "productCode": "ABC1",
        "interestRate": 1.2
      },
      {
        "id": 5,
        "name": "Bond",
        "balance": 5,
        "productCode": "ABC2",
        "interestRate": 1.3
      }
    ]
  },
  {
    "id": 2,
    "name": "Bob",
    "address": "Fakestreet 13",
    "birthday": "1980-02-02",
    "email": "bob@mail.com",
    "status": "married",
    "financialProducts": [
      {
        "id": 4,
        "name": "Share",
        "balance": 4,
        "productCode": "ABC1",
        "interestRate": 1.2
      },
      {
        "id": 6,
        "name": "ETF",
        "balance": 6,
        "productCode": "ABC3",
        "interestRate": 1.4
      }
    ]
  },
  {
    "id": 3,
    "name": "Charlie",
    "address": "Fakestreet 14",
    "birthday": "1980-03-03",
    "email": "charlie@mail.com",
    "status": "single",
    "financialProducts": [
      {
        "id": 6,
        "name": "ETF",
        "balance": 6,
        "productCode": "ABC3",
        "interestRate": 1.4
      },
      {
        "id": 5,
        "name": "Bond",
        "balance": 5,
        "productCode": "ABC2",
        "interestRate": 1.3
      }
    ]
  }
]
I, [2020-01-21T18:51:36.434682 #34886]  INFO -- : Running example 'Verifying a pact between Consumer 2 and Provider Given customers exist and have financialProducts with balances a request for all customers and the balances of their financial products with GET /customers returns a response which has status code 200'
I, [2020-01-21T18:51:36.434870 #34886]  INFO -- : Sending GET request to path: "/customers" with headers: {"X_PACT_PROVIDER_STATES"=>[{"name"=>"customers exist and have financialProducts with balances"}]}, see debug logs for body
D, [2020-01-21T18:51:36.434943 #34886] DEBUG -- : body :
I, [2020-01-21T18:51:36.452023 #34886]  INFO -- : Received response with status: 200, headers: {"X-Powered-By"=>"Express", "Vary"=>"Origin, Accept-Encoding", "Access-Control-Allow-Credentials"=>"true", "Cache-Control"=>"no-cache", "Pragma"=>"no-cache", "Expires"=>"-1", "X-Content-Type-Options"=>"nosniff", "Content-Type"=>"application/json; charset=utf-8", "Content-Length"=>"1414", "Etag"=>"W/\"586-5N05BteRVwk7ZGJi63HUoZfqlsM\"", "Date"=>"Tue, 21 Jan 2020 17:51:36 GMT", "Connection"=>"keep-alive"}, see debug logs for body
D, [2020-01-21T18:51:36.452094 #34886] DEBUG -- : body: [
  {
    "id": 1,
    "name": "Alice",
    "address": "Fakestreet 12",
    "birthday": "1980-01-01",
    "email": "alice@mail.com",
    "status": "married",
    "financialProducts": [
      {
        "id": 4,
        "name": "Share",
        "balance": 4,
        "productCode": "ABC1",
        "interestRate": 1.2
      },
      {
        "id": 5,
        "name": "Bond",
        "balance": 5,
        "productCode": "ABC2",
        "interestRate": 1.3
      }
    ]
  },
  {
    "id": 2,
    "name": "Bob",
    "address": "Fakestreet 13",
    "birthday": "1980-02-02",
    "email": "bob@mail.com",
    "status": "married",
    "financialProducts": [
      {
        "id": 4,
        "name": "Share",
        "balance": 4,
        "productCode": "ABC1",
        "interestRate": 1.2
      },
      {
        "id": 6,
        "name": "ETF",
        "balance": 6,
        "productCode": "ABC3",
        "interestRate": 1.4
      }
    ]
  },
  {
    "id": 3,
    "name": "Charlie",
    "address": "Fakestreet 14",
    "birthday": "1980-03-03",
    "email": "charlie@mail.com",
    "status": "single",
    "financialProducts": [
      {
        "id": 6,
        "name": "ETF",
        "balance": 6,
        "productCode": "ABC3",
        "interestRate": 1.4
      },
      {
        "id": 5,
        "name": "Bond",
        "balance": 5,
        "productCode": "ABC2",
        "interestRate": 1.3
      }
    ]
  }
]
I, [2020-01-21T18:52:03.927540 #34930]  INFO -- : Running example 'Verifying a pact between Consumer 1 and Provider Given customers exist a request for all customers with GET /customers returns a response which has status code 200'
I, [2020-01-21T18:52:03.927752 #34930]  INFO -- : Sending GET request to path: "/customers" with headers: {"X_PACT_PROVIDER_STATES"=>[{"name"=>"customers exist"}]}, see debug logs for body
D, [2020-01-21T18:52:03.927797 #34930] DEBUG -- : body :
I, [2020-01-21T18:52:03.946254 #34930]  INFO -- : Received response with status: 200, headers: {"X-Powered-By"=>"Express", "Vary"=>"Origin, Accept-Encoding", "Access-Control-Allow-Credentials"=>"true", "Cache-Control"=>"no-cache", "Pragma"=>"no-cache", "Expires"=>"-1", "X-Content-Type-Options"=>"nosniff", "Content-Type"=>"application/json; charset=utf-8", "Content-Length"=>"1414", "Etag"=>"W/\"586-5N05BteRVwk7ZGJi63HUoZfqlsM\"", "Date"=>"Tue, 21 Jan 2020 17:52:03 GMT", "Connection"=>"keep-alive"}, see debug logs for body
D, [2020-01-21T18:52:03.946339 #34930] DEBUG -- : body: [
  {
    "id": 1,
    "name": "Alice",
    "address": "Fakestreet 12",
    "birthday": "1980-01-01",
    "email": "alice@mail.com",
    "status": "married",
    "financialProducts": [
      {
        "id": 4,
        "name": "Share",
        "balance": 4,
        "productCode": "ABC1",
        "interestRate": 1.2
      },
      {
        "id": 5,
        "name": "Bond",
        "balance": 5,
        "productCode": "ABC2",
        "interestRate": 1.3
      }
    ]
  },
  {
    "id": 2,
    "name": "Bob",
    "address": "Fakestreet 13",
    "birthday": "1980-02-02",
    "email": "bob@mail.com",
    "status": "married",
    "financialProducts": [
      {
        "id": 4,
        "name": "Share",
        "balance": 4,
        "productCode": "ABC1",
        "interestRate": 1.2
      },
      {
        "id": 6,
        "name": "ETF",
        "balance": 6,
        "productCode": "ABC3",
        "interestRate": 1.4
      }
    ]
  },
  {
    "id": 3,
    "name": "Charlie",
    "address": "Fakestreet 14",
    "birthday": "1980-03-03",
    "email": "charlie@mail.com",
    "status": "single",
    "financialProducts": [
      {
        "id": 6,
        "name": "ETF",
        "balance": 6,
        "productCode": "ABC3",
        "interestRate": 1.4
      },
      {
        "id": 5,
        "name": "Bond",
        "balance": 5,
        "productCode": "ABC2",
        "interestRate": 1.3
      }
    ]
  }
]
I, [2020-01-21T18:52:04.712607 #34945]  INFO -- : Running example 'Verifying a pact between Consumer 2 and Provider Given customers exist and have financialProducts with balances a request for all customers and the balances of their financial products with GET /customers returns a response which has status code 200'
I, [2020-01-21T18:52:04.712769 #34945]  INFO -- : Sending GET request to path: "/customers" with headers: {"X_PACT_PROVIDER_STATES"=>[{"name"=>"customers exist and have financialProducts with balances"}]}, see debug logs for body
D, [2020-01-21T18:52:04.712816 #34945] DEBUG -- : body :
I, [2020-01-21T18:52:04.731206 #34945]  INFO -- : Received response with status: 200, headers: {"X-Powered-By"=>"Express", "Vary"=>"Origin, Accept-Encoding", "Access-Control-Allow-Credentials"=>"true", "Cache-Control"=>"no-cache", "Pragma"=>"no-cache", "Expires"=>"-1", "X-Content-Type-Options"=>"nosniff", "Content-Type"=>"application/json; charset=utf-8", "Content-Length"=>"1414", "Etag"=>"W/\"586-5N05BteRVwk7ZGJi63HUoZfqlsM\"", "Date"=>"Tue, 21 Jan 2020 17:52:04 GMT", "Connection"=>"keep-alive"}, see debug logs for body
D, [2020-01-21T18:52:04.731299 #34945] DEBUG -- : body: [
  {
    "id": 1,
    "name": "Alice",
    "address": "Fakestreet 12",
    "birthday": "1980-01-01",
    "email": "alice@mail.com",
    "status": "married",
    "financialProducts": [
      {
        "id": 4,
        "name": "Share",
        "balance": 4,
        "productCode": "ABC1",
        "interestRate": 1.2
      },
      {
        "id": 5,
        "name": "Bond",
        "balance": 5,
        "productCode": "ABC2",
        "interestRate": 1.3
      }
    ]
  },
  {
    "id": 2,
    "name": "Bob",
    "address": "Fakestreet 13",
    "birthday": "1980-02-02",
    "email": "bob@mail.com",
    "status": "married",
    "financialProducts": [
      {
        "id": 4,
        "name": "Share",
        "balance": 4,
        "productCode": "ABC1",
        "interestRate": 1.2
      },
      {
        "id": 6,
        "name": "ETF",
        "balance": 6,
        "productCode": "ABC3",
        "interestRate": 1.4
      }
    ]
  },
  {
    "id": 3,
    "name": "Charlie",
    "address": "Fakestreet 14",
    "birthday": "1980-03-03",
    "email": "charlie@mail.com",
    "status": "single",
    "financialProducts": [
      {
        "id": 6,
        "name": "ETF",
        "balance": 6,
        "productCode": "ABC3",
        "interestRate": 1.4
      },
      {
        "id": 5,
        "name": "Bond",
        "balance": 5,
        "productCode": "ABC2",
        "interestRate": 1.3
      }
    ]
  }
]
I, [2020-01-21T19:26:38.565476 #35189]  INFO -- : Running example 'Verifying a pact between Consumer 1 and Provider Given customers exist a request for all customers with GET /customers returns a response which has status code 200'
I, [2020-01-21T19:26:38.565698 #35189]  INFO -- : Sending GET request to path: "/customers" with headers: {"X_PACT_PROVIDER_STATES"=>[{"name"=>"customers exist"}]}, see debug logs for body
D, [2020-01-21T19:26:38.565780 #35189] DEBUG -- : body :
I, [2020-01-21T19:26:38.583074 #35189]  INFO -- : Received response with status: 200, headers: {"X-Powered-By"=>"Express", "Vary"=>"Origin, Accept-Encoding", "Access-Control-Allow-Credentials"=>"true", "Cache-Control"=>"no-cache", "Pragma"=>"no-cache", "Expires"=>"-1", "X-Content-Type-Options"=>"nosniff", "Content-Type"=>"application/json; charset=utf-8", "Content-Length"=>"1414", "Etag"=>"W/\"586-5N05BteRVwk7ZGJi63HUoZfqlsM\"", "Date"=>"Tue, 21 Jan 2020 18:26:38 GMT", "Connection"=>"keep-alive"}, see debug logs for body
D, [2020-01-21T19:26:38.583186 #35189] DEBUG -- : body: [
  {
    "id": 1,
    "name": "Alice",
    "address": "Fakestreet 12",
    "birthday": "1980-01-01",
    "email": "alice@mail.com",
    "status": "married",
    "financialProducts": [
      {
        "id": 4,
        "name": "Share",
        "balance": 4,
        "productCode": "ABC1",
        "interestRate": 1.2
      },
      {
        "id": 5,
        "name": "Bond",
        "balance": 5,
        "productCode": "ABC2",
        "interestRate": 1.3
      }
    ]
  },
  {
    "id": 2,
    "name": "Bob",
    "address": "Fakestreet 13",
    "birthday": "1980-02-02",
    "email": "bob@mail.com",
    "status": "married",
    "financialProducts": [
      {
        "id": 4,
        "name": "Share",
        "balance": 4,
        "productCode": "ABC1",
        "interestRate": 1.2
      },
      {
        "id": 6,
        "name": "ETF",
        "balance": 6,
        "productCode": "ABC3",
        "interestRate": 1.4
      }
    ]
  },
  {
    "id": 3,
    "name": "Charlie",
    "address": "Fakestreet 14",
    "birthday": "1980-03-03",
    "email": "charlie@mail.com",
    "status": "single",
    "financialProducts": [
      {
        "id": 6,
        "name": "ETF",
        "balance": 6,
        "productCode": "ABC3",
        "interestRate": 1.4
      },
      {
        "id": 5,
        "name": "Bond",
        "balance": 5,
        "productCode": "ABC2",
        "interestRate": 1.3
      }
    ]
  }
]
I, [2020-01-21T19:26:39.344591 #35204]  INFO -- : Running example 'Verifying a pact between Consumer 2 and Provider Given customers exist and have financialProducts with balances a request for all customers and the balances of their financial products with GET /customers returns a response which has status code 200'
I, [2020-01-21T19:26:39.344769 #35204]  INFO -- : Sending GET request to path: "/customers" with headers: {"X_PACT_PROVIDER_STATES"=>[{"name"=>"customers exist and have financialProducts with balances"}]}, see debug logs for body
D, [2020-01-21T19:26:39.344811 #35204] DEBUG -- : body :
I, [2020-01-21T19:26:39.363166 #35204]  INFO -- : Received response with status: 200, headers: {"X-Powered-By"=>"Express", "Vary"=>"Origin, Accept-Encoding", "Access-Control-Allow-Credentials"=>"true", "Cache-Control"=>"no-cache", "Pragma"=>"no-cache", "Expires"=>"-1", "X-Content-Type-Options"=>"nosniff", "Content-Type"=>"application/json; charset=utf-8", "Content-Length"=>"1414", "Etag"=>"W/\"586-5N05BteRVwk7ZGJi63HUoZfqlsM\"", "Date"=>"Tue, 21 Jan 2020 18:26:39 GMT", "Connection"=>"keep-alive"}, see debug logs for body
D, [2020-01-21T19:26:39.363249 #35204] DEBUG -- : body: [
  {
    "id": 1,
    "name": "Alice",
    "address": "Fakestreet 12",
    "birthday": "1980-01-01",
    "email": "alice@mail.com",
    "status": "married",
    "financialProducts": [
      {
        "id": 4,
        "name": "Share",
        "balance": 4,
        "productCode": "ABC1",
        "interestRate": 1.2
      },
      {
        "id": 5,
        "name": "Bond",
        "balance": 5,
        "productCode": "ABC2",
        "interestRate": 1.3
      }
    ]
  },
  {
    "id": 2,
    "name": "Bob",
    "address": "Fakestreet 13",
    "birthday": "1980-02-02",
    "email": "bob@mail.com",
    "status": "married",
    "financialProducts": [
      {
        "id": 4,
        "name": "Share",
        "balance": 4,
        "productCode": "ABC1",
        "interestRate": 1.2
      },
      {
        "id": 6,
        "name": "ETF",
        "balance": 6,
        "productCode": "ABC3",
        "interestRate": 1.4
      }
    ]
  },
  {
    "id": 3,
    "name": "Charlie",
    "address": "Fakestreet 14",
    "birthday": "1980-03-03",
    "email": "charlie@mail.com",
    "status": "single",
    "financialProducts": [
      {
        "id": 6,
        "name": "ETF",
        "balance": 6,
        "productCode": "ABC3",
        "interestRate": 1.4
      },
      {
        "id": 5,
        "name": "Bond",
        "balance": 5,
        "productCode": "ABC2",
        "interestRate": 1.3
      }
    ]
  }
]
I, [2020-01-21T19:26:40.121843 #35219]  INFO -- : Running example 'Verifying a pact between Consumer 3 and Provider Given customer 1 exists and has financialProducts a request for customer 1 and their financialProducts with GET /customers/1 returns a response which has status code 200'
I, [2020-01-21T19:26:40.122019 #35219]  INFO -- : Sending GET request to path: "/customers/1" with headers: {"X_PACT_PROVIDER_STATES"=>[{"name"=>"customer 1 exists and has financialProducts"}]}, see debug logs for body
D, [2020-01-21T19:26:40.122080 #35219] DEBUG -- : body :
I, [2020-01-21T19:26:40.140857 #35219]  INFO -- : Received response with status: 200, headers: {"X-Powered-By"=>"Express", "Vary"=>"Origin, Accept-Encoding", "Access-Control-Allow-Credentials"=>"true", "Cache-Control"=>"no-cache", "Pragma"=>"no-cache", "Expires"=>"-1", "X-Content-Type-Options"=>"nosniff", "Content-Type"=>"application/json; charset=utf-8", "Content-Length"=>"422", "Etag"=>"W/\"1a6-y44tAnm6tDBjLNDSpnd+If0irwA\"", "Date"=>"Tue, 21 Jan 2020 18:26:40 GMT", "Connection"=>"keep-alive"}, see debug logs for body
D, [2020-01-21T19:26:40.140936 #35219] DEBUG -- : body: {
  "id": 1,
  "name": "Alice",
  "address": "Fakestreet 12",
  "birthday": "1980-01-01",
  "email": "alice@mail.com",
  "status": "married",
  "financialProducts": [
    {
      "id": 4,
      "name": "Share",
      "balance": 4,
      "productCode": "ABC1",
      "interestRate": 1.2
    },
    {
      "id": 5,
      "name": "Bond",
      "balance": 5,
      "productCode": "ABC2",
      "interestRate": 1.3
    }
  ]
}
